<?xml version="1.0" encoding="UTF-8"?>
<testng-results skipped="0" failed="0" ignored="0" total="2" passed="2">
  <reporter-output>
  </reporter-output>
  <suite name="Default suite" duration-ms="67" started-at="2020-05-29T08:20:43Z" finished-at="2020-05-29T08:20:43Z">
    <groups>
    </groups>
    <test name="Default test" duration-ms="67" started-at="2020-05-29T08:20:43Z" finished-at="2020-05-29T08:20:43Z">
      <class name="cucumber.API.TC7_ReadFrJsonFile2DP">
        <test-method status="PASS" signature="login(java.lang.String)[pri:0, instance:cucumber.API.TC7_ReadFrJsonFile2DP@77caeb3e]" name="login" duration-ms="10" started-at="2020-05-29T08:20:43Z" data-provider="dp" finished-at="2020-05-29T08:20:43Z">
          <params>
            <param index="0">
              <value>
                <![CDATA[ganesh@gmail.com,123456]]>
              </value>
            </param>
          </params>
          <reporter-output>
          </reporter-output>
        </test-method> <!-- login -->
        <test-method status="PASS" signature="login(java.lang.String)[pri:0, instance:cucumber.API.TC7_ReadFrJsonFile2DP@77caeb3e]" name="login" duration-ms="2" started-at="2020-05-29T08:20:43Z" data-provider="dp" finished-at="2020-05-29T08:20:43Z">
          <params>
            <param index="0">
              <value>
                <![CDATA[ganesh@gmail.com,123456]]>
              </value>
            </param>
          </params>
          <reporter-output>
          </reporter-output>
        </test-method> <!-- login -->
      </class> <!-- cucumber.API.TC7_ReadFrJsonFile2DP -->
    </test> <!-- Default test -->
  </suite> <!-- Default suite -->
</testng-results>
